This is pdfTeXk, Version 3.141592-1.40.3 (Web2C 7.5.6) (format=pdflatex 2012.6.30)  12 JUL 2012 07:07
entering extended mode
 %&-line parsing enabled.
**thesis.tex
(./thesis.tex
LaTeX2e <2005/12/01>
Babel <v3.8h> and hyphenation patterns for english, usenglishmax, dumylang, noh
yphenation, arabic, basque, bulgarian, coptic, welsh, czech, slovak, german, ng
erman, danish, esperanto, spanish, catalan, galician, estonian, farsi, finnish,
 french, greek, monogreek, ancientgreek, croatian, hungarian, interlingua, ibyc
us, indonesian, icelandic, italian, latin, mongolian, dutch, norsk, polish, por
tuguese, pinyin, romanian, russian, slovenian, uppersorbian, serbian, swedish, 
turkish, ukenglish, ukrainian, loaded.
(./thesis.cls
Document Class: thesis 2005/11/10 version 0.3.2 JHU Thesis Class
(./jhu12.clo)
\descriptionmargin=\dimen102
\c@part=\count79
\c@chapter=\count80
\c@section=\count81
\c@subsection=\count82
\c@subsubsection=\count83
\c@paragraph=\count84
\c@subparagraph=\count85
\c@figure=\count86
\c@table=\count87
) (/usr/share/texmf/tex/latex/base/latexsym.sty
Package: latexsym 1998/08/17 v2.2e Standard LaTeX package (lasy symbols)
\symlasy=\mathgroup4
LaTeX Font Info:    Overwriting symbol font `lasy' in version `bold'
(Font)                  U/lasy/m/n --> U/lasy/b/n on input line 47.
)
(/usr/share/texmf/tex/latex/amsmath/amsmath.sty
Package: amsmath 2000/07/18 v2.13 AMS math features
\@mathmargin=\skip41

For additional information on amsmath, use the `?' option.
(/usr/share/texmf/tex/latex/amsmath/amstext.sty
Package: amstext 2000/06/29 v2.01

(/usr/share/texmf/tex/latex/amsmath/amsgen.sty
File: amsgen.sty 1999/11/30 v2.0
\@emptytoks=\toks14
\ex@=\dimen103
))
(/usr/share/texmf/tex/latex/amsmath/amsbsy.sty
Package: amsbsy 1999/11/29 v1.2d
\pmbraise@=\dimen104
)
(/usr/share/texmf/tex/latex/amsmath/amsopn.sty
Package: amsopn 1999/12/14 v2.01 operator names
)
\inf@bad=\count88
LaTeX Info: Redefining \frac on input line 211.
\uproot@=\count89
\leftroot@=\count90
LaTeX Info: Redefining \overline on input line 307.
\classnum@=\count91
\DOTSCASE@=\count92
LaTeX Info: Redefining \ldots on input line 379.
LaTeX Info: Redefining \dots on input line 382.
LaTeX Info: Redefining \cdots on input line 467.
\Mathstrutbox@=\box26
\strutbox@=\box27
\big@size=\dimen105
LaTeX Font Info:    Redeclaring font encoding OML on input line 567.
LaTeX Font Info:    Redeclaring font encoding OMS on input line 568.
\macc@depth=\count93
\c@MaxMatrixCols=\count94
\dotsspace@=\muskip10
\c@parentequation=\count95
\dspbrk@lvl=\count96
\tag@help=\toks15
\row@=\count97
\column@=\count98
\maxfields@=\count99
\andhelp@=\toks16
\eqnshift@=\dimen106
\alignsep@=\dimen107
\tagshift@=\dimen108
\tagwidth@=\dimen109
\totwidth@=\dimen110
\lineht@=\dimen111
\@envbody=\toks17
\multlinegap=\skip42
\multlinetaggap=\skip43
\mathdisplay@stack=\toks18
LaTeX Info: Redefining \[ on input line 2666.
LaTeX Info: Redefining \] on input line 2667.
)
(/usr/share/texmf/tex/latex/amsfonts/amsfonts.sty
Package: amsfonts 2001/10/25 v2.2f
\symAMSa=\mathgroup5
\symAMSb=\mathgroup6
LaTeX Font Info:    Overwriting math alphabet `\mathfrak' in version `bold'
(Font)                  U/euf/m/n --> U/euf/b/n on input line 132.
)
(/usr/share/texmf/tex/latex/graphics/graphicx.sty
Package: graphicx 1999/02/16 v1.0f Enhanced LaTeX Graphics (DPC,SPQR)

(/usr/share/texmf/tex/latex/graphics/keyval.sty
Package: keyval 1999/03/16 v1.13 key=value parser (DPC)
\KV@toks@=\toks19
)
(/usr/share/texmf/tex/latex/graphics/graphics.sty
Package: graphics 2006/02/20 v1.0o Standard LaTeX Graphics (DPC,SPQR)

(/usr/share/texmf/tex/latex/graphics/trig.sty
Package: trig 1999/03/16 v1.09 sin cos tan (DPC)
)
(/usr/share/texmf/tex/latex/config/graphics.cfg
File: graphics.cfg 2007/01/18 v1.5 graphics configuration of teTeX/TeXLive
)
Package graphics Info: Driver file: pdftex.def on input line 90.

(/usr/share/texmf/tex/latex/pdftex-def/pdftex.def
File: pdftex.def 2007/01/08 v0.04d Graphics/color for pdfTeX
\Gread@gobject=\count100
))
\Gin@req@height=\dimen112
\Gin@req@width=\dimen113
)
(/usr/share/texmf/tex/latex/base/fixltx2e.sty
Package: fixltx2e 2006/03/24 v1.1n fixes to LaTeX
LaTeX Info: Redefining \em on input line 420.
LaTeX Info: The control sequence `\[' is already robust on input line 471.
LaTeX Info: The control sequence `\]' is already robust on input line 472.
)
(/usr/share/texmf/tex/latex/wrapfig/wrapfig.sty
\wrapoverhang=\dimen114
\WF@size=\dimen115
\c@WF@wrappedlines=\count101
\WF@box=\box28
\WF@everypar=\toks20
Package: wrapfig 2003/01/31  v 3.6
)
(/usr/share/texmf/tex/latex/fancyhdr/fancyhdr.sty
\fancy@headwidth=\skip44
\f@ncyO@elh=\skip45
\f@ncyO@erh=\skip46
\f@ncyO@olh=\skip47
\f@ncyO@orh=\skip48
\f@ncyO@elf=\skip49
\f@ncyO@erf=\skip50
\f@ncyO@olf=\skip51
\f@ncyO@orf=\skip52
)
(/usr/share/texmf/tex/latex/tools/xspace.sty
Package: xspace 2006/05/08 v1.12 Space after command names (DPC,MH)
)
(/usr/share/texmf/tex/latex/ltxmisc/url.sty
\Urlmuskip=\muskip11
Package: url 2005/06/27  ver 3.2  Verb mode for urls, etc.
)
(/usr/share/texmf/tex/latex/rotating/rotating.sty
Package: rotating 1997/09/26, v2.13 Rotation package

(/usr/share/texmf/tex/latex/base/ifthen.sty
Package: ifthen 2001/05/26 v1.1c Standard LaTeX ifthen package (DPC)
)
\c@r@tfl@t=\count102
\rot@float@box=\box29
)
(/usr/share/texmf/tex/latex/multirow/multirow.sty
\bigstrutjot=\dimen116
)
(/usr/share/texmf/tex/latex/tools/hhline.sty
Package: hhline 1994/05/23 v2.03 Table rule package (DPC)
)
(/usr/share/texmf/tex/latex/natbib/natbib.sty
Package: natbib 2007/02/05 8.0 (PWD)
\bibhang=\skip53
\bibsep=\skip54
LaTeX Info: Redefining \cite on input line 602.
\c@NAT@ctr=\count103
)
(/usr/share/texmf/tex/latex/graphics/color.sty
Package: color 2005/11/14 v1.0j Standard LaTeX Color (DPC)

(/usr/share/texmf/tex/latex/config/color.cfg
File: color.cfg 2007/01/18 v1.5 color configuration of teTeX/TeXLive
)
Package color Info: Driver file: pdftex.def on input line 130.
) (./thesis.aux
(./chapter01-intro.aux) (./chapter02-supervised.aux) (./chapter03-unsup.aux)
(./chapter04-related_work.aux))
\openout1 = `thesis.aux'.

LaTeX Font Info:    Checking defaults for OML/cmm/m/it on input line 43.
LaTeX Font Info:    ... okay on input line 43.
LaTeX Font Info:    Checking defaults for T1/cmr/m/n on input line 43.
LaTeX Font Info:    ... okay on input line 43.
LaTeX Font Info:    Checking defaults for OT1/cmr/m/n on input line 43.
LaTeX Font Info:    ... okay on input line 43.
LaTeX Font Info:    Checking defaults for OMS/cmsy/m/n on input line 43.
LaTeX Font Info:    ... okay on input line 43.
LaTeX Font Info:    Checking defaults for OMX/cmex/m/n on input line 43.
LaTeX Font Info:    ... okay on input line 43.
LaTeX Font Info:    Checking defaults for U/cmr/m/n on input line 43.
LaTeX Font Info:    ... okay on input line 43.
LaTeX Font Info:    Try loading font information for U+lasy on input line 54.
 (/usr/share/texmf/tex/latex/base/ulasy.fd
File: ulasy.fd 1998/08/17 v2.2e LaTeX symbol font definitions
)
LaTeX Font Info:    Try loading font information for U+msa on input line 54.

(/usr/share/texmf/tex/latex/amsfonts/umsa.fd
File: umsa.fd 2002/01/19 v2.2g AMS font definitions
)
LaTeX Font Info:    Try loading font information for U+msb on input line 54.

(/usr/share/texmf/tex/latex/amsfonts/umsb.fd
File: umsb.fd 2002/01/19 v2.2g AMS font definitions
)
LaTeX Font Info:    Try loading font information for OMS+cmr on input line 54.

(/usr/share/texmf/tex/latex/base/omscmr.fd
File: omscmr.fd 1999/05/25 v2.5h Standard LaTeX font definitions
)
LaTeX Font Info:    Font shape `OMS/cmr/m/n' in size <12> not available
(Font)              Font shape `OMS/cmsy/m/n' tried instead on input line 54.

Underfull \vbox (badness 4266) detected at line 54
 []

[1

{/usr/share/texmf/fonts/map/pdftex/updmap/pdftex.map}]
\openout2 = `chapter01-intro.aux'.

 (./chapter01-intro.tex
Chapter 1.
[2


] [3] <images/wiki.jpg, id=14, 579.16376pt x 227.85126pt>
File: images/wiki.jpg Graphic file (type jpg)

<use images/wiki.jpg> [4 <./images/wiki.jpg>]) [5]
\openout2 = `chapter02-supervised.aux'.

 (./chapter02-supervised.tex
Chapter 2.
[6



]
Overfull \hbox (19.25273pt too wide) in paragraph at lines 28--37
 [] 
 []

[7] [8] [9] [10] [11]
Overfull \hbox (105.12442pt too wide) in paragraph at lines 180--193
 [] 
 []

[12] [13] [14]
Overfull \hbox (107.50664pt too wide) in paragraph at lines 300--320
 [] 
 []


Overfull \hbox (11.83963pt too wide) in paragraph at lines 328--345
 [] 
 []

[15] [16] [17] [18]
<images/google_annotate.png, id=68, 986.68625pt x 398.48875pt>
File: images/google_annotate.png Graphic file (type png)

<use images/google_annotate.png>
Overfull \hbox (59.72192pt too wide) in paragraph at lines 467--470
 [] 
 []

[19] [20 <./images/google_annotate.png (PNG copy)>]
<images/google_model.png, id=76, 408.52625pt x 394.47375pt>
File: images/google_model.png Graphic file (type png)

<use images/google_model.png> [21] [22 <./images/google_model.png (PNG copy)>]
[23]) [24] [25]
\openout2 = `chapter03-unsup.aux'.

 (./chapter03-unsup.tex
Chapter 3.
[26



]

Package Fancyhdr Warning: \headheight is too small (15.0pt): 
 Make it at least 27.05003pt.
 We now make it that large for the rest of the document.
 This may cause the page layout to be inconsistent, however.

[27] [28] [29] [30] [31]
<images/turk_hit.png, id=119, 541.02126pt x 379.4175pt>
File: images/turk_hit.png Graphic file (type png)

<use images/turk_hit.png> [32] [33 <./images/turk_hit.png (PNG copy)>] [34]
[35] <images/partial_alignment.png, id=132, 456.70625pt x 372.39125pt>
File: images/partial_alignment.png Graphic file (type png)

<use images/partial_alignment.png> [36 <./images/partial_alignment.png (PNG cop
y)>] [37]) [38]
\openout2 = `chapter04-related_work.aux'.

 (./chapter04-related_work.tex
Chapter 4.
[39



] [40] [41] [42] [43] [44]) [45] [46] (./thesis.bbl [47


] [48] [49] [50]
[51] [52] [53] [54]) [55] (./thesis.aux (./chapter01-intro.aux)
(./chapter02-supervised.aux) (./chapter03-unsup.aux)
(./chapter04-related_work.aux)) ) 
Here is how much of TeX's memory you used:
 2253 strings out of 256216
 27216 string characters out of 1917072
 93809 words of memory out of 1500000
 5452 multiletter control sequences out of 10000+200000
 16626 words of font info for 66 fonts, out of 1200000 for 2000
 645 hyphenation exceptions out of 8191
 27i,12n,43p,561b,420s stack positions out of 5000i,500n,6000p,200000b,15000s
</usr/share/texmf/fonts/type1/bluesky/cm/cmbx1
2.pfb></usr/share/texmf/fonts/type1/bluesky/cm/cmcsc10.pfb></usr/share/texmf/fo
nts/type1/bluesky/cm/cmex10.pfb></usr/share/texmf/fonts/type1/bluesky/cm/cmmi10
.pfb></usr/share/texmf/fonts/type1/bluesky/cm/cmmi12.pfb></usr/share/texmf/font
s/type1/bluesky/cm/cmmi6.pfb></usr/share/texmf/fonts/type1/bluesky/cm/cmmi8.pfb
></usr/share/texmf/fonts/type1/bluesky/cm/cmr10.pfb></usr/share/texmf/fonts/typ
e1/bluesky/cm/cmr12.pfb></usr/share/texmf/fonts/type1/bluesky/cm/cmr7.pfb></usr
/share/texmf/fonts/type1/bluesky/cm/cmr8.pfb></usr/share/texmf/fonts/type1/blue
sky/cm/cmsy10.pfb></usr/share/texmf/fonts/type1/bluesky/cm/cmsy6.pfb></usr/shar
e/texmf/fonts/type1/bluesky/cm/cmsy8.pfb></usr/share/texmf/fonts/type1/bluesky/
cm/cmti12.pfb></usr/share/texmf/fonts/type1/bluesky/cm/cmtt12.pfb></usr/share/t
exmf/fonts/type1/bluesky/ams/msbm10.pfb>
Output written on thesis.pdf (55 pages, 635619 bytes).
PDF statistics:
 253 PDF objects out of 1000 (max. 8388607)
 0 named destinations out of 1000 (max. 131072)
 26 words of extra memory for PDF output out of 10000 (max. 10000000)

